c:\users\v_hggzhang\desktop\net\server\project\project\debug\vc142.pdb
c:\users\v_hggzhang\desktop\net\server\project\project\debug\vc142.idb
c:\users\v_hggzhang\desktop\net\server\project\project\debug\lobject.obj
c:\users\v_hggzhang\desktop\net\server\project\project\debug\loadlib.obj
c:\users\v_hggzhang\desktop\net\server\project\project\debug\lmem.obj
c:\users\v_hggzhang\desktop\net\server\project\project\debug\lmathlib.obj
c:\users\v_hggzhang\desktop\net\server\project\project\debug\llex.obj
c:\users\v_hggzhang\desktop\net\server\project\project\debug\liolib.obj
c:\users\v_hggzhang\desktop\net\server\project\project\debug\linit.obj
c:\users\v_hggzhang\desktop\net\server\project\project\debug\lgc.obj
c:\users\v_hggzhang\desktop\net\server\project\project\debug\lfunc.obj
c:\users\v_hggzhang\desktop\net\server\project\project\debug\ldump.obj
c:\users\v_hggzhang\desktop\net\server\project\project\debug\ldo.obj
c:\users\v_hggzhang\desktop\net\server\project\project\debug\ldebug.obj
c:\users\v_hggzhang\desktop\net\server\project\project\debug\ldblib.obj
c:\users\v_hggzhang\desktop\net\server\project\project\debug\lctype.obj
c:\users\v_hggzhang\desktop\net\server\project\project\debug\lcorolib.obj
c:\users\v_hggzhang\desktop\net\server\project\project\debug\lcode.obj
c:\users\v_hggzhang\desktop\net\server\project\project\debug\lbitlib.obj
c:\users\v_hggzhang\desktop\net\server\project\project\debug\lbaselib.obj
c:\users\v_hggzhang\desktop\net\server\project\project\debug\lauxlib.obj
c:\users\v_hggzhang\desktop\net\server\project\project\debug\lapi.obj
c:\users\v_hggzhang\desktop\net\server\project\project\debug\lzio.obj
c:\users\v_hggzhang\desktop\net\server\project\project\debug\lvm.obj
c:\users\v_hggzhang\desktop\net\server\project\project\debug\lutf8lib.obj
c:\users\v_hggzhang\desktop\net\server\project\project\debug\lundump.obj
c:\users\v_hggzhang\desktop\net\server\project\project\debug\luac.obj
c:\users\v_hggzhang\desktop\net\server\project\project\debug\lua.obj
c:\users\v_hggzhang\desktop\net\server\project\project\debug\ltm.obj
c:\users\v_hggzhang\desktop\net\server\project\project\debug\ltablib.obj
c:\users\v_hggzhang\desktop\net\server\project\project\debug\ltable.obj
c:\users\v_hggzhang\desktop\net\server\project\project\debug\lstrlib.obj
c:\users\v_hggzhang\desktop\net\server\project\project\debug\lstring.obj
c:\users\v_hggzhang\desktop\net\server\project\project\debug\lstate.obj
c:\users\v_hggzhang\desktop\net\server\project\project\debug\lparser.obj
c:\users\v_hggzhang\desktop\net\server\project\project\debug\loslib.obj
c:\users\v_hggzhang\desktop\net\server\project\project\debug\lopcodes.obj
c:\users\v_hggzhang\desktop\net\server\project\project\debug\udpsocket.obj
c:\users\v_hggzhang\desktop\net\server\project\project\debug\socketheader.obj
c:\users\v_hggzhang\desktop\net\server\project\project\debug\worker.obj
c:\users\v_hggzhang\desktop\net\server\project\project\debug\tcpsocket.obj
c:\users\v_hggzhang\desktop\net\server\project\project\debug\socketmgr.obj
c:\users\v_hggzhang\desktop\net\server\project\project\debug\socketaddressfactory.obj
c:\users\v_hggzhang\desktop\net\server\project\project\debug\socketaddress.obj
c:\users\v_hggzhang\desktop\net\server\project\project\debug\socketworker.obj
c:\users\v_hggzhang\desktop\net\server\project\project\debug\service.obj
c:\users\v_hggzhang\desktop\net\server\project\project\debug\luaapi.obj
c:\users\v_hggzhang\desktop\net\server\project\project\debug\engine.obj
c:\users\v_hggzhang\desktop\net\server\project\project\debug\connwriter.obj
c:\users\v_hggzhang\desktop\net\server\project\project\debug\netheader.obj
c:\users\v_hggzhang\desktop\net\server\project\project\debug\main.obj
c:\users\v_hggzhang\desktop\net\server\project\project\debug\strbuf.obj
c:\users\v_hggzhang\desktop\net\server\project\project\debug\lua_cjson.obj
c:\users\v_hggzhang\desktop\net\server\project\project\debug\g_fmt.obj
c:\users\v_hggzhang\desktop\net\server\project\project\debug\fpconv.obj
c:\users\v_hggzhang\desktop\net\server\project\debug\project.exe
c:\users\v_hggzhang\desktop\net\server\project\project\debug\project.ilk
c:\users\v_hggzhang\desktop\net\server\project\debug\project.pdb
c:\users\v_hggzhang\desktop\net\server\project\project\debug\project.tlog\cl.command.1.tlog
c:\users\v_hggzhang\desktop\net\server\project\project\debug\project.tlog\cl.read.1.tlog
c:\users\v_hggzhang\desktop\net\server\project\project\debug\project.tlog\cl.write.1.tlog
c:\users\v_hggzhang\desktop\net\server\project\project\debug\project.tlog\link-cvtres.read.1.tlog
c:\users\v_hggzhang\desktop\net\server\project\project\debug\project.tlog\link-cvtres.write.1.tlog
c:\users\v_hggzhang\desktop\net\server\project\project\debug\project.tlog\link-rc.read.1.tlog
c:\users\v_hggzhang\desktop\net\server\project\project\debug\project.tlog\link-rc.write.1.tlog
c:\users\v_hggzhang\desktop\net\server\project\project\debug\project.tlog\link.53572-cvtres.read.1.tlog
c:\users\v_hggzhang\desktop\net\server\project\project\debug\project.tlog\link.53572-cvtres.write.1.tlog
c:\users\v_hggzhang\desktop\net\server\project\project\debug\project.tlog\link.53572-rc.read.1.tlog
c:\users\v_hggzhang\desktop\net\server\project\project\debug\project.tlog\link.53572-rc.write.1.tlog
c:\users\v_hggzhang\desktop\net\server\project\project\debug\project.tlog\link.53572.read.1.tlog
c:\users\v_hggzhang\desktop\net\server\project\project\debug\project.tlog\link.53572.write.1.tlog
c:\users\v_hggzhang\desktop\net\server\project\project\debug\project.tlog\link.command.1.tlog
c:\users\v_hggzhang\desktop\net\server\project\project\debug\project.tlog\link.read.1.tlog
c:\users\v_hggzhang\desktop\net\server\project\project\debug\project.tlog\link.write.1.tlog
