  Main.cpp
E:\ZHG\Net\Server\Project\Project\NetHeader.h(2,10): fatal error C1083: Cannot open include file: 'SocketHeader.h': No such file or directory
  NetHeader.cpp
E:\ZHG\Net\Server\Project\Project\NetHeader.h(2,10): fatal error C1083: Cannot open include file: 'SocketHeader.h': No such file or directory
  ConnWriter.cpp
E:\ZHG\Net\Server\Project\Project\Net\ConnWriter.cpp(1,1): warning C4819: The file contains a character that cannot be represented in the current code page (936). Save the file in Unicode format to prevent data loss
E:\ZHG\Net\Server\Project\Project\Net\ConnWriter.cpp(1,10): fatal error C1083: Cannot open include file: 'NetHeader.h': No such file or directory
  LuaAPI.cpp
E:\ZHG\Net\Server\Project\Project\Net\LuaAPI.cpp(1,1): warning C4819: The file contains a character that cannot be represented in the current code page (936). Save the file in Unicode format to prevent data loss
  Service.cpp
E:\ZHG\Net\Server\Project\Project\Net\Service.cpp(1,1): warning C4819: The file contains a character that cannot be represented in the current code page (936). Save the file in Unicode format to prevent data loss
E:\ZHG\Net\Server\Project\Project\Net\Service.cpp(1,10): fatal error C1083: Cannot open include file: 'NetHeader.h': No such file or directory
  SocketWorker.cpp
E:\ZHG\Net\Server\Project\Project\Net\SocketWorker.cpp(1,1): warning C4819: The file contains a character that cannot be represented in the current code page (936). Save the file in Unicode format to prevent data loss
E:\ZHG\Net\Server\Project\Project\Net\SocketWorker.cpp(1,10): fatal error C1083: Cannot open include file: 'NetHeader.h': No such file or directory
  SocketAddress.cpp
E:\ZHG\Net\Server\Project\Project\Net\Socket\SocketHeader.h(59,10): fatal error C1083: Cannot open include file: 'UDPSocket.h': No such file or directory
  SocketAddressFactory.cpp
E:\ZHG\Net\Server\Project\Project\Net\Socket\SocketHeader.h(59,10): fatal error C1083: Cannot open include file: 'UDPSocket.h': No such file or directory
  SocketMgr.cpp
E:\ZHG\Net\Server\Project\Project\Net\Socket\SocketHeader.h(59,10): fatal error C1083: Cannot open include file: 'UDPSocket.h': No such file or directory
  TCPSocket.cpp
E:\ZHG\Net\Server\Project\Project\Net\Socket\SocketHeader.h(59,10): fatal error C1083: Cannot open include file: 'UDPSocket.h': No such file or directory
  Engine.cpp
E:\ZHG\Net\Server\Project\Project\Net\Engine.cpp(1,1): warning C4819: The file contains a character that cannot be represented in the current code page (936). Save the file in Unicode format to prevent data loss
E:\ZHG\Net\Server\Project\Project\Net\Engine.cpp(1,10): fatal error C1083: Cannot open include file: 'NetHeader.h': No such file or directory
  Worker.cpp
E:\ZHG\Net\Server\Project\Project\Net\Worker.cpp(1,1): warning C4819: The file contains a character that cannot be represented in the current code page (936). Save the file in Unicode format to prevent data loss
E:\ZHG\Net\Server\Project\Project\Net\Worker.cpp(1,10): fatal error C1083: Cannot open include file: 'NetHeader.h': No such file or directory
  SocketHeader.cpp
E:\ZHG\Net\Server\Project\Project\SocketHeader.cpp(1,10): fatal error C1083: Cannot open include file: 'SocketHeader.h': No such file or directory
  UDPSocket.cpp
E:\ZHG\Net\Server\Project\Project\UDPSocket.cpp(1,10): fatal error C1083: Cannot open include file: 'SocketHeader.h': No such file or directory
